<?xml version="1.0" encoding="UTF-8"?>
<testng-results skipped="0" failed="0" ignored="0" total="2" passed="2">
  <reporter-output>
  </reporter-output>
  <suite name="regression Suite" duration-ms="9526" started-at="2022-05-14T20:20:48Z" finished-at="2022-05-14T20:20:58Z">
    <groups>
    </groups>
    <test name="TC001_UserLoginTest" duration-ms="6087" started-at="2022-05-14T20:20:48Z" finished-at="2022-05-14T20:20:54Z">
      <class name="com.Orangehrm.testCases.TC001_UserLoginTest">
        <test-method status="PASS" signature="setup(java.lang.String)[pri:0, instance:com.Orangehrm.testCases.TC001_UserLoginTest@c5a2ff]" name="setup" is-config="true" duration-ms="3033" started-at="2022-05-14T20:20:48Z" finished-at="2022-05-14T20:20:51Z">
          <params>
            <param index="0">
              <value>
                <![CDATA[chrome]]>
              </value>
            </param>
          </params>
          <reporter-output>
          </reporter-output>
        </test-method> <!-- setup -->
        <test-method status="PASS" signature="loginTest()[pri:0, instance:com.Orangehrm.testCases.TC001_UserLoginTest@c5a2ff]" name="loginTest" duration-ms="2330" started-at="2022-05-14T20:20:51Z" finished-at="2022-05-14T20:20:53Z">
          <reporter-output>
          </reporter-output>
        </test-method> <!-- loginTest -->
        <test-method status="PASS" signature="teardown()[pri:0, instance:com.Orangehrm.testCases.TC001_UserLoginTest@c5a2ff]" name="teardown" is-config="true" duration-ms="704" started-at="2022-05-14T20:20:53Z" finished-at="2022-05-14T20:20:54Z">
          <reporter-output>
          </reporter-output>
        </test-method> <!-- teardown -->
      </class> <!-- com.Orangehrm.testCases.TC001_UserLoginTest -->
    </test> <!-- TC001_UserLoginTest -->
    <test name="TC002_ForgotYourPasswordLinkDisplayedTest" duration-ms="3406" started-at="2022-05-14T20:20:54Z" finished-at="2022-05-14T20:20:58Z">
      <class name="com.Orangehrm.testCases.TC002_ForgotYourPasswordLinkDisplayedTest">
        <test-method status="PASS" signature="setup(java.lang.String)[pri:0, instance:com.Orangehrm.testCases.TC002_ForgotYourPasswordLinkDisplayedTest@422e18]" name="setup" is-config="true" duration-ms="2608" started-at="2022-05-14T20:20:54Z" finished-at="2022-05-14T20:20:57Z">
          <params>
            <param index="0">
              <value>
                <![CDATA[chrome]]>
              </value>
            </param>
          </params>
          <reporter-output>
          </reporter-output>
        </test-method> <!-- setup -->
        <test-method status="PASS" signature="forgotYourPasswordTest()[pri:0, instance:com.Orangehrm.testCases.TC002_ForgotYourPasswordLinkDisplayedTest@422e18]" name="forgotYourPasswordTest" duration-ms="74" started-at="2022-05-14T20:20:57Z" finished-at="2022-05-14T20:20:57Z">
          <reporter-output>
          </reporter-output>
        </test-method> <!-- forgotYourPasswordTest -->
        <test-method status="PASS" signature="teardown()[pri:0, instance:com.Orangehrm.testCases.TC002_ForgotYourPasswordLinkDisplayedTest@422e18]" name="teardown" is-config="true" duration-ms="724" started-at="2022-05-14T20:20:57Z" finished-at="2022-05-14T20:20:58Z">
          <reporter-output>
          </reporter-output>
        </test-method> <!-- teardown -->
      </class> <!-- com.Orangehrm.testCases.TC002_ForgotYourPasswordLinkDisplayedTest -->
    </test> <!-- TC002_ForgotYourPasswordLinkDisplayedTest -->
  </suite> <!-- regression Suite -->
</testng-results>
