<?xml version="1.0" encoding="UTF-8"?>
<testng-results skipped="0" failed="0" ignored="0" total="2" passed="2">
  <reporter-output>
  </reporter-output>
  <suite name="regression Suite" duration-ms="11118" started-at="2022-05-17T23:51:16Z" finished-at="2022-05-17T23:51:27Z">
    <groups>
    </groups>
    <test name="TC001_UserLoginTest" duration-ms="7993" started-at="2022-05-17T23:51:16Z" finished-at="2022-05-17T23:51:24Z">
      <class name="com.Orangehrm.testCases.TC001_UserLoginTest">
        <test-method status="PASS" signature="setup(java.lang.String)[pri:0, instance:com.Orangehrm.testCases.TC001_UserLoginTest@81c175]" name="setup" is-config="true" duration-ms="4948" started-at="2022-05-17T23:51:16Z" finished-at="2022-05-17T23:51:21Z">
          <params>
            <param index="0">
              <value>
                <![CDATA[chrome]]>
              </value>
            </param>
          </params>
          <reporter-output>
          </reporter-output>
        </test-method> <!-- setup -->
        <test-method status="PASS" signature="loginTest()[pri:0, instance:com.Orangehrm.testCases.TC001_UserLoginTest@81c175]" name="loginTest" duration-ms="2275" started-at="2022-05-17T23:51:21Z" finished-at="2022-05-17T23:51:23Z">
          <reporter-output>
          </reporter-output>
        </test-method> <!-- loginTest -->
        <test-method status="PASS" signature="teardown()[pri:0, instance:com.Orangehrm.testCases.TC001_UserLoginTest@81c175]" name="teardown" is-config="true" duration-ms="742" started-at="2022-05-17T23:51:23Z" finished-at="2022-05-17T23:51:24Z">
          <reporter-output>
          </reporter-output>
        </test-method> <!-- teardown -->
      </class> <!-- com.Orangehrm.testCases.TC001_UserLoginTest -->
    </test> <!-- TC001_UserLoginTest -->
    <test name="TC002_ForgotYourPasswordLinkDisplayedTest" duration-ms="3110" started-at="2022-05-17T23:51:24Z" finished-at="2022-05-17T23:51:27Z">
      <class name="com.Orangehrm.testCases.TC002_ForgotYourPasswordLinkDisplayedTest">
        <test-method status="PASS" signature="setup(java.lang.String)[pri:0, instance:com.Orangehrm.testCases.TC002_ForgotYourPasswordLinkDisplayedTest@3cf2ba]" name="setup" is-config="true" duration-ms="2252" started-at="2022-05-17T23:51:24Z" finished-at="2022-05-17T23:51:26Z">
          <params>
            <param index="0">
              <value>
                <![CDATA[chrome]]>
              </value>
            </param>
          </params>
          <reporter-output>
          </reporter-output>
        </test-method> <!-- setup -->
        <test-method status="PASS" signature="forgotYourPasswordTest()[pri:0, instance:com.Orangehrm.testCases.TC002_ForgotYourPasswordLinkDisplayedTest@3cf2ba]" name="forgotYourPasswordTest" duration-ms="88" started-at="2022-05-17T23:51:26Z" finished-at="2022-05-17T23:51:26Z">
          <reporter-output>
          </reporter-output>
        </test-method> <!-- forgotYourPasswordTest -->
        <test-method status="PASS" signature="teardown()[pri:0, instance:com.Orangehrm.testCases.TC002_ForgotYourPasswordLinkDisplayedTest@3cf2ba]" name="teardown" is-config="true" duration-ms="765" started-at="2022-05-17T23:51:26Z" finished-at="2022-05-17T23:51:27Z">
          <reporter-output>
          </reporter-output>
        </test-method> <!-- teardown -->
      </class> <!-- com.Orangehrm.testCases.TC002_ForgotYourPasswordLinkDisplayedTest -->
    </test> <!-- TC002_ForgotYourPasswordLinkDisplayedTest -->
  </suite> <!-- regression Suite -->
</testng-results>
